0 info it worked if it ends with ok
1 verbose cli [ '/Users/emmakennard/.nvm/versions/node/v4.9.1/bin/node',
1 verbose cli   '/Users/emmakennard/.nvm/versions/node/v4.9.1/bin/npm',
1 verbose cli   'run',
1 verbose cli   'db:populateFeedTable' ]
2 info using npm@2.15.11
3 info using node@v4.9.1
4 verbose run-script [ 'predb:populateFeedTable',
4 verbose run-script   'db:populateFeedTable',
4 verbose run-script   'postdb:populateFeedTable' ]
5 info predb:populateFeedTable w9-backend-project-power-coders-fe@0.0.0
6 info db:populateFeedTable w9-backend-project-power-coders-fe@0.0.0
7 verbose unsafe-perm in lifecycle true
8 info w9-backend-project-power-coders-fe@0.0.0 Failed to exec db:populateFeedTable script
9 verbose stack Error: w9-backend-project-power-coders-fe@0.0.0 db:populateFeedTable: `node -r dotenv/config ./db/scripts/populateFeedTable.js`
9 verbose stack Exit status 1
9 verbose stack     at EventEmitter.<anonymous> (/Users/emmakennard/.nvm/versions/node/v4.9.1/lib/node_modules/npm/lib/utils/lifecycle.js:217:16)
9 verbose stack     at emitTwo (events.js:87:13)
9 verbose stack     at EventEmitter.emit (events.js:172:7)
9 verbose stack     at ChildProcess.<anonymous> (/Users/emmakennard/.nvm/versions/node/v4.9.1/lib/node_modules/npm/lib/utils/spawn.js:24:14)
9 verbose stack     at emitTwo (events.js:87:13)
9 verbose stack     at ChildProcess.emit (events.js:172:7)
9 verbose stack     at maybeClose (internal/child_process.js:862:16)
9 verbose stack     at Process.ChildProcess._handle.onexit (internal/child_process.js:222:5)
10 verbose pkgid w9-backend-project-power-coders-fe@0.0.0
11 verbose cwd /Users/emmakennard/Documents/Learning/School_Of_Code_Learning_Journey/Projects/github-classroom/SchoolOfCode/week_9/w9_backend-project-power-coders-fe
12 error Darwin 21.5.0
13 error argv "/Users/emmakennard/.nvm/versions/node/v4.9.1/bin/node" "/Users/emmakennard/.nvm/versions/node/v4.9.1/bin/npm" "run" "db:populateFeedTable"
14 error node v4.9.1
15 error npm  v2.15.11
16 error code ELIFECYCLE
17 error w9-backend-project-power-coders-fe@0.0.0 db:populateFeedTable: `node -r dotenv/config ./db/scripts/populateFeedTable.js`
17 error Exit status 1
18 error Failed at the w9-backend-project-power-coders-fe@0.0.0 db:populateFeedTable script 'node -r dotenv/config ./db/scripts/populateFeedTable.js'.
18 error This is most likely a problem with the w9-backend-project-power-coders-fe package,
18 error not with npm itself.
18 error Tell the author that this fails on your system:
18 error     node -r dotenv/config ./db/scripts/populateFeedTable.js
18 error You can get information on how to open an issue for this project with:
18 error     npm bugs w9-backend-project-power-coders-fe
18 error Or if that isn't available, you can get their info via:
18 error
18 error     npm owner ls w9-backend-project-power-coders-fe
18 error There is likely additional logging output above.
19 verbose exit [ 1, true ]
